<?xml version="1.0" encoding="UTF-8"?>
<testsuite xmlns:xsi="http://www.w3.org/2001/XMLSchema-instance" xsi:noNamespaceSchemaLocation="https://maven.apache.org/surefire/maven-surefire-plugin/xsd/surefire-test-report.xsd" name="JunitTest" time="20.356" tests="3" errors="0" skipped="0" failures="0">
  <properties>
    <property name="sun.desktop" value="windows"/>
    <property name="awt.toolkit" value="sun.awt.windows.WToolkit"/>
    <property name="file.encoding.pkg" value="sun.io"/>
    <property name="java.specification.version" value="1.8"/>
    <property name="sun.cpu.isalist" value="amd64"/>
    <property name="sun.jnu.encoding" value="GBK"/>
    <property name="java.class.path" value="G:\work_space\mybatis-test\target\test-classes;G:\work_space\mybatis-test\target\classes;G:\app\repository\junit\junit\4.12\junit-4.12.jar;G:\app\repository\org\hamcrest\hamcrest-core\1.3\hamcrest-core-1.3.jar;G:\app\repository\javax\servlet\javax.servlet-api\3.1.0\javax.servlet-api-3.1.0.jar;G:\app\repository\org\springframework\spring-test\4.3.0.RELEASE\spring-test-4.3.0.RELEASE.jar;G:\app\repository\org\springframework\spring-core\4.3.0.RELEASE\spring-core-4.3.0.RELEASE.jar;G:\app\repository\commons-logging\commons-logging\1.2\commons-logging-1.2.jar;G:\app\repository\org\springframework\spring-beans\4.3.0.RELEASE\spring-beans-4.3.0.RELEASE.jar;G:\app\repository\org\springframework\spring-context\4.3.0.RELEASE\spring-context-4.3.0.RELEASE.jar;G:\app\repository\org\springframework\spring-aop\4.3.0.RELEASE\spring-aop-4.3.0.RELEASE.jar;G:\app\repository\org\springframework\spring-expression\4.3.0.RELEASE\spring-expression-4.3.0.RELEASE.jar;G:\app\repository\org\springframework\spring-web\4.3.0.RELEASE\spring-web-4.3.0.RELEASE.jar;G:\app\repository\org\springframework\spring-webmvc\4.3.0.RELEASE\spring-webmvc-4.3.0.RELEASE.jar;G:\app\repository\org\springframework\spring-jdbc\4.3.0.RELEASE\spring-jdbc-4.3.0.RELEASE.jar;G:\app\repository\org\springframework\spring-tx\4.3.0.RELEASE\spring-tx-4.3.0.RELEASE.jar;G:\app\repository\org\mybatis\mybatis\3.4.5\mybatis-3.4.5.jar;G:\app\repository\org\mybatis\mybatis-spring\1.3.1\mybatis-spring-1.3.1.jar;G:\app\repository\com\alibaba\druid\1.1.4\druid-1.1.4.jar;C:\Program Files\Java\jdk1.8.0_171\jre\..\lib\jconsole.jar;C:\Program Files\Java\jdk1.8.0_171\jre\..\lib\tools.jar;G:\app\repository\org\slf4j\slf4j-api\1.7.7\slf4j-api-1.7.7.jar;G:\app\repository\ch\qos\logback\logback-access\1.1.2\logback-access-1.1.2.jar;G:\app\repository\ch\qos\logback\logback-core\1.1.2\logback-core-1.1.2.jar;G:\app\repository\ch\qos\logback\logback-classic\1.1.2\logback-classic-1.1.2.jar;G:\app\repository\mysql\mysql-connector-java\6.0.6\mysql-connector-java-6.0.6.jar;G:\app\repository\org\projectlombok\lombok\1.16.18\lombok-1.16.18.jar;G:\app\repository\com\fasterxml\jackson\core\jackson-databind\2.4.2\jackson-databind-2.4.2.jar;G:\app\repository\com\fasterxml\jackson\core\jackson-annotations\2.4.0\jackson-annotations-2.4.0.jar;G:\app\repository\com\fasterxml\jackson\core\jackson-core\2.4.2\jackson-core-2.4.2.jar;G:\app\repository\com\alibaba\fastjson\1.2.4\fastjson-1.2.4.jar;G:\app\repository\com\github\pagehelper\pagehelper\4.1.4\pagehelper-4.1.4.jar;G:\app\repository\com\github\jsqlparser\jsqlparser\0.9.5\jsqlparser-0.9.5.jar;G:\app\repository\tk\mybatis\mapper\3.5.0\mapper-3.5.0.jar;G:\app\repository\javax\persistence\persistence-api\1.0\persistence-api-1.0.jar;"/>
    <property name="java.vm.vendor" value="Oracle Corporation"/>
    <property name="maven-test.skip" value="true"/>
    <property name="sun.arch.data.model" value="64"/>
    <property name="user.variant" value=""/>
    <property name="java.vendor.url" value="http://java.oracle.com/"/>
    <property name="user.timezone" value="Asia/Shanghai"/>
    <property name="java.vm.specification.version" value="1.8"/>
    <property name="os.name" value="Windows 10"/>
    <property name="user.country" value="CN"/>
    <property name="sun.java.launcher" value="SUN_STANDARD"/>
    <property name="sun.boot.library.path" value="C:\Program Files\Java\jdk1.8.0_171\jre\bin"/>
    <property name="sun.java.command" value="C:\Users\ADMINI~1\AppData\Local\Temp\surefire5366712655085420902\surefirebooter7469101838161752014.jar C:\Users\Administrator\AppData\Local\Temp\surefire5366712655085420902 2019-04-25T20-58-37_707-jvmRun1 surefire7284811413884617073tmp surefire_08208825942647197542tmp"/>
    <property name="surefire.test.class.path" value="G:\work_space\mybatis-test\target\test-classes;G:\work_space\mybatis-test\target\classes;G:\app\repository\junit\junit\4.12\junit-4.12.jar;G:\app\repository\org\hamcrest\hamcrest-core\1.3\hamcrest-core-1.3.jar;G:\app\repository\javax\servlet\javax.servlet-api\3.1.0\javax.servlet-api-3.1.0.jar;G:\app\repository\org\springframework\spring-test\4.3.0.RELEASE\spring-test-4.3.0.RELEASE.jar;G:\app\repository\org\springframework\spring-core\4.3.0.RELEASE\spring-core-4.3.0.RELEASE.jar;G:\app\repository\commons-logging\commons-logging\1.2\commons-logging-1.2.jar;G:\app\repository\org\springframework\spring-beans\4.3.0.RELEASE\spring-beans-4.3.0.RELEASE.jar;G:\app\repository\org\springframework\spring-context\4.3.0.RELEASE\spring-context-4.3.0.RELEASE.jar;G:\app\repository\org\springframework\spring-aop\4.3.0.RELEASE\spring-aop-4.3.0.RELEASE.jar;G:\app\repository\org\springframework\spring-expression\4.3.0.RELEASE\spring-expression-4.3.0.RELEASE.jar;G:\app\repository\org\springframework\spring-web\4.3.0.RELEASE\spring-web-4.3.0.RELEASE.jar;G:\app\repository\org\springframework\spring-webmvc\4.3.0.RELEASE\spring-webmvc-4.3.0.RELEASE.jar;G:\app\repository\org\springframework\spring-jdbc\4.3.0.RELEASE\spring-jdbc-4.3.0.RELEASE.jar;G:\app\repository\org\springframework\spring-tx\4.3.0.RELEASE\spring-tx-4.3.0.RELEASE.jar;G:\app\repository\org\mybatis\mybatis\3.4.5\mybatis-3.4.5.jar;G:\app\repository\org\mybatis\mybatis-spring\1.3.1\mybatis-spring-1.3.1.jar;G:\app\repository\com\alibaba\druid\1.1.4\druid-1.1.4.jar;C:\Program Files\Java\jdk1.8.0_171\jre\..\lib\jconsole.jar;C:\Program Files\Java\jdk1.8.0_171\jre\..\lib\tools.jar;G:\app\repository\org\slf4j\slf4j-api\1.7.7\slf4j-api-1.7.7.jar;G:\app\repository\ch\qos\logback\logback-access\1.1.2\logback-access-1.1.2.jar;G:\app\repository\ch\qos\logback\logback-core\1.1.2\logback-core-1.1.2.jar;G:\app\repository\ch\qos\logback\logback-classic\1.1.2\logback-classic-1.1.2.jar;G:\app\repository\mysql\mysql-connector-java\6.0.6\mysql-connector-java-6.0.6.jar;G:\app\repository\org\projectlombok\lombok\1.16.18\lombok-1.16.18.jar;G:\app\repository\com\fasterxml\jackson\core\jackson-databind\2.4.2\jackson-databind-2.4.2.jar;G:\app\repository\com\fasterxml\jackson\core\jackson-annotations\2.4.0\jackson-annotations-2.4.0.jar;G:\app\repository\com\fasterxml\jackson\core\jackson-core\2.4.2\jackson-core-2.4.2.jar;G:\app\repository\com\alibaba\fastjson\1.2.4\fastjson-1.2.4.jar;G:\app\repository\com\github\pagehelper\pagehelper\4.1.4\pagehelper-4.1.4.jar;G:\app\repository\com\github\jsqlparser\jsqlparser\0.9.5\jsqlparser-0.9.5.jar;G:\app\repository\tk\mybatis\mapper\3.5.0\mapper-3.5.0.jar;G:\app\repository\javax\persistence\persistence-api\1.0\persistence-api-1.0.jar;"/>
    <property name="sun.cpu.endian" value="little"/>
    <property name="user.home" value="C:\Users\Administrator"/>
    <property name="user.language" value="zh"/>
    <property name="java.specification.vendor" value="Oracle Corporation"/>
    <property name="java.home" value="C:\Program Files\Java\jdk1.8.0_171\jre"/>
    <property name="basedir" value="G:\work_space\mybatis-test"/>
    <property name="file.separator" value="\"/>
    <property name="line.separator" value="&#10;"/>
    <property name="java.vm.specification.vendor" value="Oracle Corporation"/>
    <property name="java.specification.name" value="Java Platform API Specification"/>
    <property name="java.awt.graphicsenv" value="sun.awt.Win32GraphicsEnvironment"/>
    <property name="surefire.real.class.path" value="C:\Users\ADMINI~1\AppData\Local\Temp\surefire5366712655085420902\surefirebooter7469101838161752014.jar"/>
    <property name="sun.boot.class.path" value="C:\Program Files\Java\jdk1.8.0_171\jre\lib\resources.jar;C:\Program Files\Java\jdk1.8.0_171\jre\lib\rt.jar;C:\Program Files\Java\jdk1.8.0_171\jre\lib\sunrsasign.jar;C:\Program Files\Java\jdk1.8.0_171\jre\lib\jsse.jar;C:\Program Files\Java\jdk1.8.0_171\jre\lib\jce.jar;C:\Program Files\Java\jdk1.8.0_171\jre\lib\charsets.jar;C:\Program Files\Java\jdk1.8.0_171\jre\lib\jfr.jar;C:\Program Files\Java\jdk1.8.0_171\jre\classes"/>
    <property name="user.script" value=""/>
    <property name="sun.management.compiler" value="HotSpot 64-Bit Tiered Compilers"/>
    <property name="java.runtime.version" value="1.8.0_171-b11"/>
    <property name="user.name" value="Administrator"/>
    <property name="path.separator" value=";"/>
    <property name="os.version" value="10.0"/>
    <property name="java.endorsed.dirs" value="C:\Program Files\Java\jdk1.8.0_171\jre\lib\endorsed"/>
    <property name="java.runtime.name" value="Java(TM) SE Runtime Environment"/>
    <property name="file.encoding" value="GBK"/>
    <property name="java.vm.name" value="Java HotSpot(TM) 64-Bit Server VM"/>
    <property name="localRepository" value="G:\app\repository"/>
    <property name="java.vendor.url.bug" value="http://bugreport.sun.com/bugreport/"/>
    <property name="java.io.tmpdir" value="C:\Users\ADMINI~1\AppData\Local\Temp\"/>
    <property name="java.version" value="1.8.0_171"/>
    <property name="user.dir" value="G:\work_space\mybatis-test"/>
    <property name="os.arch" value="amd64"/>
    <property name="java.vm.specification.name" value="Java Virtual Machine Specification"/>
    <property name="java.awt.printerjob" value="sun.awt.windows.WPrinterJob"/>
    <property name="sun.os.patch.level" value=""/>
    <property name="java.library.path" value="C:\Program Files\Java\jdk1.8.0_171\jre\bin;C:\WINDOWS\Sun\Java\bin;C:\WINDOWS\system32;C:\WINDOWS;G:\Program Files (x86)\Python37-32\Scripts\;G:\Program Files (x86)\Python37-32\;D:\Program Files (x86)\NetSarang\Xshell 6\;C:\Program Files (x86)\Common Files\Oracle\Java\javapath;C:\ProgramData\Oracle\Java\javapath;D:\app\Administrator\product\11.2.0\client_1\bin;D:\app\Administrator\product\11.2.0\client_1;D:\app\Administrator\product\11.2.0\dbhome_1\bin;C:\WINDOWS\system32;C:\WINDOWS;C:\WINDOWS\System32\Wbem;C:\WINDOWS\System32\WindowsPowerShell\v1.0\;C:\Program Files\Java\jdk1.8.0_171\bin;C:\Program Files\Java\jdk1.8.0_171\jre\bin;G:\Program Files (x86)\TortoiseSVN\bin;G:\WorkSpace\apache-maven-3.2.2\bin;D:\Program Files\VisualSVN Server\bin;G:\Program Files (x86)\mysql-5.7.15-winx64\bin;D:\Program Files (x86)\Microsoft SQL Server\100\Tools\Binn\;D:\Program Files\Microsoft SQL Server\100\Tools\Binn\;D:\Program Files\Microsoft SQL Server\100\DTS\Binn\;D:\Program Files (x86)\Microsoft SQL Server\100\Tools\Binn\VSShell\Common7\IDE\;C:\Program Files (x86)\Microsoft Visual Studio 9.0\Common7\IDE\PrivateAssemblies\;D:\Program Files (x86)\Microsoft SQL Server\100\DTS\Binn\;G:\Program Files (x86)\chromedriver;d:\Program Files (x86)\SSH Communications Security\SSH Secure Shell;C:\Users\Administrator\AppData\Local\Microsoft\WindowsApps;G:\Program Files (x86)\mysql-5.7.15-winx64\bin;C:\Users\Administrator\AppData\Local\GitHubDesktop\bin;G:\Program Files (x86)\Fiddler;."/>
    <property name="java.vm.info" value="mixed mode"/>
    <property name="java.vendor" value="Oracle Corporation"/>
    <property name="java.vm.version" value="25.171-b11"/>
    <property name="java.ext.dirs" value="C:\Program Files\Java\jdk1.8.0_171\jre\lib\ext;C:\WINDOWS\Sun\Java\lib\ext"/>
    <property name="sun.io.unicode.encoding" value="UnicodeLittle"/>
    <property name="java.class.version" value="52.0"/>
  </properties>
  <testcase name="findAll" classname="JunitTest" time="1.288"/>
  <testcase name="findUser" classname="JunitTest" time="0.427"/>
  <testcase name="insertUser" classname="JunitTest" time="0.551"/>
</testsuite>